<?xml version="1.0" encoding="UTF-8"?>
<!-- Generated by org.testng.reporters.JUnitReportReporter -->
<testsuite hostname="IT1806010" failures="5" tests="21" name="runner.TestNGRunner" time="667.499" errors="0" timestamp="2024-01-18T12:54:31 IST" skipped="15">
  <testcase classname="runner.TestNGRunner" name="runScenario" time="25.152">
    <skipped/>
  </testcase> <!-- runScenario -->
  <system-out/>
  <testcase classname="runner.TestNGRunner" name="runScenario" time="33.846">
    <failure message="expected [View Savings Accounts] but found [Internal Transfer]" type="java.lang.AssertionError">
      <![CDATA[java.lang.AssertionError: expected [View Savings Accounts] but found [Internal Transfer]
at org.testng.Assert.fail(Assert.java:99)
at org.testng.Assert.failNotEquals(Assert.java:1037)
at org.testng.Assert.assertEqualsImpl(Assert.java:140)
at org.testng.Assert.assertEquals(Assert.java:122)
at org.testng.Assert.assertEquals(Assert.java:629)
at org.testng.Assert.assertEquals(Assert.java:639)
at stepdef.TranferPage.amount_succesfully_transfer(TranferPage.java:68)
at ✽.amount succesfully transfer(file:///C:/Users/KIIT/eclipse-workspace/RLLDBbank/src/test/java/feature/transfer.feature:11)
]]>
    </failure>
  </testcase> <!-- runScenario -->
  <system-out/>
  <testcase classname="runner.TestNGRunner" name="runScenario" time="31.148">
    <failure message="expected [View Savings Accounts] but found [Internal Transfer]" type="java.lang.AssertionError">
      <![CDATA[java.lang.AssertionError: expected [View Savings Accounts] but found [Internal Transfer]
at org.testng.Assert.fail(Assert.java:99)
at org.testng.Assert.failNotEquals(Assert.java:1037)
at org.testng.Assert.assertEqualsImpl(Assert.java:140)
at org.testng.Assert.assertEquals(Assert.java:122)
at org.testng.Assert.assertEquals(Assert.java:629)
at org.testng.Assert.assertEquals(Assert.java:639)
at stepdef.TranferPage.amount_succesfully_transfer(TranferPage.java:68)
at ✽.amount succesfully transfer(file:///C:/Users/KIIT/eclipse-workspace/RLLDBbank/src/test/java/feature/transfer.feature:11)
]]>
    </failure>
  </testcase> <!-- runScenario -->
  <system-out/>
  <testcase classname="runner.TestNGRunner" name="runScenario" time="30.040">
    <skipped/>
  </testcase> <!-- runScenario -->
  <system-out/>
  <testcase classname="runner.TestNGRunner" name="runScenario" time="27.229">
    <failure message="expected [View Savings Accounts] but found [Internal Transfer]" type="java.lang.AssertionError">
      <![CDATA[java.lang.AssertionError: expected [View Savings Accounts] but found [Internal Transfer]
at org.testng.Assert.fail(Assert.java:99)
at org.testng.Assert.failNotEquals(Assert.java:1037)
at org.testng.Assert.assertEqualsImpl(Assert.java:140)
at org.testng.Assert.assertEquals(Assert.java:122)
at org.testng.Assert.assertEquals(Assert.java:629)
at org.testng.Assert.assertEquals(Assert.java:639)
at stepdef.TranferPage.amount_succesfully_transfer(TranferPage.java:68)
at ✽.amount succesfully transfer(file:///C:/Users/KIIT/eclipse-workspace/RLLDBbank/src/test/java/feature/transfer.feature:11)
]]>
    </failure>
  </testcase> <!-- runScenario -->
  <system-out/>
  <testcase classname="runner.TestNGRunner" name="runScenario" time="31.291">
    <skipped/>
  </testcase> <!-- runScenario -->
  <system-out/>
  <testcase classname="runner.TestNGRunner" name="runScenario" time="37.724">
    <skipped/>
  </testcase> <!-- runScenario -->
  <system-out/>
  <testcase classname="runner.TestNGRunner" name="runScenario" time="24.652">
    <skipped/>
  </testcase> <!-- runScenario -->
  <system-out/>
  <testcase classname="runner.TestNGRunner" name="runScenario" time="38.926"/>
  <system-out/>
  <testcase classname="runner.TestNGRunner" name="runScenario" time="38.064">
    <skipped/>
  </testcase> <!-- runScenario -->
  <system-out/>
  <testcase classname="runner.TestNGRunner" name="runScenario" time="29.484">
    <skipped/>
  </testcase> <!-- runScenario -->
  <system-out/>
  <testcase classname="runner.TestNGRunner" name="runScenario" time="33.383">
    <skipped/>
  </testcase> <!-- runScenario -->
  <system-out/>
  <testcase classname="runner.TestNGRunner" name="runScenario" time="30.281">
    <failure message="expected [View Savings Accounts] but found [Internal Transfer]" type="java.lang.AssertionError">
      <![CDATA[java.lang.AssertionError: expected [View Savings Accounts] but found [Internal Transfer]
at org.testng.Assert.fail(Assert.java:99)
at org.testng.Assert.failNotEquals(Assert.java:1037)
at org.testng.Assert.assertEqualsImpl(Assert.java:140)
at org.testng.Assert.assertEquals(Assert.java:122)
at org.testng.Assert.assertEquals(Assert.java:629)
at org.testng.Assert.assertEquals(Assert.java:639)
at stepdef.TranferPage.amount_succesfully_transfer(TranferPage.java:68)
at ✽.amount succesfully transfer(file:///C:/Users/KIIT/eclipse-workspace/RLLDBbank/src/test/java/feature/transfer.feature:11)
]]>
    </failure>
  </testcase> <!-- runScenario -->
  <system-out/>
  <testcase classname="runner.TestNGRunner" name="runScenario" time="31.382">
    <failure message="expected [View Savings Accounts] but found [Internal Transfer]" type="java.lang.AssertionError">
      <![CDATA[java.lang.AssertionError: expected [View Savings Accounts] but found [Internal Transfer]
at org.testng.Assert.fail(Assert.java:99)
at org.testng.Assert.failNotEquals(Assert.java:1037)
at org.testng.Assert.assertEqualsImpl(Assert.java:140)
at org.testng.Assert.assertEquals(Assert.java:122)
at org.testng.Assert.assertEquals(Assert.java:629)
at org.testng.Assert.assertEquals(Assert.java:639)
at stepdef.TranferPage.amount_succesfully_transfer(TranferPage.java:68)
at ✽.amount succesfully transfer(file:///C:/Users/KIIT/eclipse-workspace/RLLDBbank/src/test/java/feature/transfer.feature:11)
]]>
    </failure>
  </testcase> <!-- runScenario -->
  <system-out/>
  <testcase classname="runner.TestNGRunner" name="runScenario" time="27.270">
    <skipped/>
  </testcase> <!-- runScenario -->
  <system-out/>
  <testcase classname="runner.TestNGRunner" name="runScenario" time="35.019">
    <skipped/>
  </testcase> <!-- runScenario -->
  <system-out/>
  <testcase classname="runner.TestNGRunner" name="runScenario" time="25.844">
    <skipped/>
  </testcase> <!-- runScenario -->
  <system-out/>
  <testcase classname="runner.TestNGRunner" name="runScenario" time="34.763">
    <skipped/>
  </testcase> <!-- runScenario -->
  <system-out/>
  <testcase classname="runner.TestNGRunner" name="runScenario" time="46.114">
    <skipped/>
  </testcase> <!-- runScenario -->
  <system-out/>
  <testcase classname="runner.TestNGRunner" name="runScenario" time="26.557">
    <skipped/>
  </testcase> <!-- runScenario -->
  <system-out/>
  <testcase classname="runner.TestNGRunner" name="runScenario" time="29.330">
    <skipped/>
  </testcase> <!-- runScenario -->
  <system-out/>
</testsuite> <!-- runner.TestNGRunner -->
