<?xml version="1.0" encoding="UTF-8"?>
<!-- Generated by org.testng.reporters.JUnitReportReporter -->
<testsuite hostname="IT1806010" failures="0" tests="1" name="TestPages.TestSigninPage" time="5.151" errors="0" timestamp="2024-01-15T22:22:01 IST" skipped="0">
  <testcase classname="TestPages.TestSigninPage" name="getSignin" time="5.151"/>
  <system-out/>
</testsuite> <!-- TestPages.TestSigninPage -->
