<?xml version="1.0" encoding="UTF-8"?>
<!-- Generated by org.testng.reporters.JUnitReportReporter -->
<testsuite hostname="IT1806010" failures="0" tests="4" name="TestPages.TestTansferPage" time="21.061" errors="0" timestamp="2024-01-15T22:38:57 IST" skipped="0">
  <testcase classname="TestPages.TestTansferPage" name="setup" time="10.260"/>
  <system-out/>
  <testcase classname="TestPages.TestTansferPage" name="getSignin" time="3.686"/>
  <system-out/>
  <testcase classname="TestPages.TestTansferPage" name="geTTransfer" time="2.849"/>
  <system-out/>
  <testcase classname="TestPages.TestTansferPage" name="transferDone" time="4.266"/>
  <system-out/>
</testsuite> <!-- TestPages.TestTansferPage -->
